<?xml version="1.0" encoding="UTF-8"?>
<!-- Generated by org.testng.reporters.JUnitXMLReporter -->
<testsuite ignored="0" hostname="HAMILTON-QA11L" failures="1" tests="1" name="Create Account Test" time="105.544" errors="0" timestamp="2022-08-03T13:41:15 IST">
  <testcase classname="testcases.CreateAccountTest" name="createAccountTest" time="105.102">
    <failure type="java.lang.AssertionError" message="Create account test failed">
      <![CDATA[java.lang.AssertionError: Create account test failed
at testcases.CreateAccountTest.createAccountTest(CreateAccountTest.java:26)
at java.base/java.util.ArrayList.forEach(ArrayList.java:1511)
... Removed 28 stack frames]]>
    </failure>
  </testcase> <!-- createAccountTest -->
</testsuite> <!-- Create Account Test -->
